[[[  1.00000000e+000   1.00000000e+000   1.45287076e-109   7.76864826e-001
     3.77157577e-025   1.00000000e+000   1.00000000e+000   1.00000000e+000
     9.55212761e-001   3.98950973e-004   1.00000000e+000   1.00000000e+000
     1.00000000e+000   1.00000000e+000   1.00000000e+000   1.00000000e+000
     1.00000000e+000   1.00000000e+000   9.99999076e-001   1.00000000e+000
     1.00000000e+000   9.65792245e-001   1.00000000e+000   1.00000000e+000
     3.00896834e-060   8.13572335e-001   2.57863286e-001   1.00000000e+000
     1.00000000e+000   1.00000000e+000   1.45695996e-001   1.00410305e-014
     1.00000000e+000   9.99934010e-001   1.00000000e+000   1.00000000e+000
     1.00000000e+000   5.86240442e-006   7.73945002e-114   1.39262160e-094
     1.00000000e+000   6.04272333e-103   1.00000000e+000   1.00000000e+000
     1.40442201e-265   1.00000000e+000   1.00000000e+000   1.00000000e+000
     1.00000000e+000   1.00000000e+000   1.00000000e+000   1.00000000e+000
     1.00000000e+000   1.46446460e-030   1.00000000e+000   1.00000000e+000
     9.99679424e-001   1.00000000e+000   1.00000000e+000   9.99999149e-001
     0.00000000e+000   1.00000000e+000   1.00000000e+000   1.00000000e+000
     1.00000000e+000   2.72844611e-045   1.11187110e-006   9.99998510e-001
     9.99629256e-001   1.00000000e+000   1.00000000e+000   1.00000000e+000
     1.27114688e-023   0.00000000e+000   9.96794335e-001   1.61199382e-136
     1.18447207e-209   1.00000000e+000   1.00000000e+000   0.00000000e+000
     9.46860049e-001   9.98259644e-001   4.01699333e-002   1.00000000e+000
     1.00000000e+000   1.00000000e+000   1.00000000e+000   1.13265494e-117
     6.54593706e-003   1.00000000e+000   5.75884660e-001   1.00000000e+000
     1.00000000e+000   1.00000000e+000   2.37894815e-190   1.00000000e+000
     1.00000000e+000   1.00000000e+000   0.00000000e+000   9.99877689e-001
     1.00000000e+000   1.00000000e+000   1.00000000e+000   1.17458792e-112
     0.00000000e+000   2.62615689e-094   9.33187709e-137   6.49349103e-001
     1.79679594e-111   1.00000000e+000   1.00000000e+000   5.65445840e-218
     2.32252022e-024   2.19779192e-280   0.00000000e+000   1.00000000e+000
     1.00000000e+000   1.00000000e+000   1.00000000e+000   1.00000000e+000
     0.00000000e+000   1.00000000e+000   1.00000000e+000   1.00000000e+000
     1.00000000e+000   4.23350283e-019   3.96374949e-051   1.00000000e+000
     1.00000000e+000   1.00000000e+000   7.75346568e-029   1.00000000e+000
     1.00000000e+000   1.00000000e+000   1.00000000e+000   1.44866531e-112
     1.00000000e+000   1.00000000e+000   1.00000000e+000   1.00000000e+000
     3.65121973e-020   3.30818793e-028   1.21273469e-009   0.00000000e+000
     1.00000000e+000   7.50134527e-098   4.12722504e-134   1.00000000e+000
     1.00000000e+000   1.00000000e+000   1.00000000e+000   1.00000000e+000
     1.00000000e+000   6.75917200e-240   7.86566911e-091   1.00000000e+000
     7.82630486e-067   1.00000000e+000   1.00000000e+000   1.00000000e+000
     1.00000000e+000   1.64643424e-069   9.76672937e-011   1.00000000e+000
     1.00000000e+000   4.93719191e-193   1.00000000e+000   1.00000000e+000
     1.00000000e+000   1.00000000e+000   1.00000000e+000   1.00000000e+000
     1.00000000e+000   1.00000000e+000   8.71541043e-020   1.00000000e+000
     2.76929605e-007   1.00000000e+000   1.00000000e+000   1.00000000e+000
     5.91397482e-087   1.83573928e-006   2.54164289e-013   9.99348714e-057
     9.92896837e-001   2.98373337e-006   0.00000000e+000   1.00000000e+000
     1.00000000e+000   1.00000000e+000   1.00000000e+000   1.01022153e-131
     0.00000000e+000   1.00000000e+000   1.00000000e+000   1.00000000e+000
     1.00000000e+000   1.00000000e+000   1.00000000e+000   4.96362745e-081
     1.00000000e+000   1.00000000e+000   1.00000000e+000   2.75931636e-094
     6.20519641e-001   0.00000000e+000   1.00000000e+000   5.33037676e-002
     1.00000000e+000   8.83511370e-042   1.00000000e+000   1.00000000e+000
     1.46541301e-013   1.00000000e+000   1.00000000e+000   0.00000000e+000
     1.00000000e+000   1.00000000e+000   1.00000000e+000   1.00000000e+000
     1.00000000e+000   1.00000000e+000   1.00000000e+000   3.26390063e-274
     1.00000000e+000   1.00000000e+000   1.00000000e+000   1.00000000e+000
     1.00000000e+000   1.00000000e+000   1.00000000e+000   1.00000000e+000
     1.00000000e+000   0.00000000e+000   1.00000000e+000   2.41547398e-001
     1.00000000e+000   1.05130346e-014   1.00000000e+000   1.00000000e+000
     1.00000000e+000   1.00000000e+000   2.89977822e-263   1.00000000e+000
     0.00000000e+000   0.00000000e+000   4.98989984e-024   7.36026553e-005
     1.00000000e+000   9.17682041e-033]]]